<?xml version="1.0" encoding="UTF-8"?>
<testng-results total="2" passed="2" failed="0" skipped="0">
  <reporter-output>
  </reporter-output>
  <suite started-at="2020-07-08T21:52:29Z" name="Default suite" finished-at="2020-07-08T21:53:00Z" duration-ms="31433">
    <groups>
    </groups>
    <test started-at="2020-07-08T21:52:29Z" name="Default test" finished-at="2020-07-08T21:53:00Z" duration-ms="31433">
      <class name="testpages.logainpage_test">
        <test-method signature="loginTest()[pri:0, instance:testpages.logainpage_test@3f19b8b3]" started-at="2020-07-09T00:52:29Z" name="loginTest" finished-at="2020-07-09T00:52:48Z" duration-ms="18733" status="PASS">
          <reporter-output>
          </reporter-output>
        </test-method> <!-- loginTest -->
        <test-method signature="logincontrolTest()[pri:0, instance:testpages.logainpage_test@3f19b8b3]" started-at="2020-07-09T00:52:48Z" name="logincontrolTest" finished-at="2020-07-09T00:53:00Z" duration-ms="12675" status="PASS">
          <reporter-output>
          </reporter-output>
        </test-method> <!-- logincontrolTest -->
      </class> <!-- testpages.logainpage_test -->
    </test> <!-- Default test -->
  </suite> <!-- Default suite -->
</testng-results>
